<?xml version="1.0" encoding="UTF-8"?>
<!-- Generated by org.testng.reporters.JUnitReportReporter -->
<testsuite hostname="DESKTOP-QR8SFDD" failures="0" tests="4" name="testcases.LoginTest" time="134.873" errors="0" timestamp="2024-03-14T19:54:43 IST" skipped="0">
  <testcase classname="testcases.LoginTest" name="verifyLoginWithInvalidUserNameAndValidPassword" time="33.643"/>
  <testcase classname="testcases.LoginTest" name="verifyLoginWithInvalidUserNameAndInvalidPassword" time="33.262"/>
  <testcase classname="testcases.LoginTest" name="verifyLoginWithValidUserNameAndInvalidPassword" time="32.118"/>
  <testcase classname="testcases.LoginTest" name="verifyLoginWithValidUserNameAndValidPassword" time="35.850"/>
</testsuite> <!-- testcases.LoginTest -->
